Base path: 'D:/Unity/Editor/Data', plugins path 'D:/Unity/Editor/Data/PlaybackEngines'
Cmd: initializeCompiler
Cmd: compileComputeKernel
  api=4 insize=15603 outsize=114003 ok=1
Cmd: compileComputeKernel
  api=4 insize=9461 outsize=3340 ok=1
Cmd: compileComputeKernel
  api=4 insize=4025 outsize=4208 ok=1
Cmd: compileComputeKernel
  api=4 insize=13624 outsize=2204 ok=1
Cmd: compileComputeKernel
  api=4 insize=8644 outsize=813 ok=1
Cmd: compileComputeKernel
  api=4 insize=36515 outsize=33663 ok=1
Cmd: compileComputeKernel
  api=4 insize=17606 outsize=8154 ok=1
Cmd: compileComputeKernel
  api=4 insize=5065 outsize=1297 ok=1
Cmd: compileComputeKernel
  api=4 insize=19711 outsize=756 ok=1

Quitting shader compiler process
